TN:
SF:js/drive-manager.js
FN:7,(anonymous_0)
FN:20,(anonymous_1)
FN:41,(anonymous_2)
FN:53,(anonymous_3)
FN:55,(anonymous_4)
FN:62,(anonymous_5)
FN:78,(anonymous_6)
FN:94,(anonymous_7)
FN:113,(anonymous_8)
FN:130,(anonymous_9)
FN:149,(anonymous_10)
FN:166,(anonymous_11)
FN:183,(anonymous_12)
FN:200,(anonymous_13)
FN:216,(anonymous_14)
FN:232,(anonymous_15)
FN:245,(anonymous_16)
FN:324,(anonymous_17)
FN:328,(anonymous_18)
FN:332,(anonymous_19)
FN:336,(anonymous_20)
FN:346,(anonymous_21)
FN:364,(anonymous_22)
FN:382,(anonymous_23)
FN:402,(anonymous_24)
FN:420,(anonymous_25)
FN:421,(anonymous_26)
FN:466,(anonymous_27)
FN:475,(anonymous_28)
FN:496,(anonymous_29)
FN:497,(anonymous_30)
FN:547,(anonymous_31)
FN:560,(anonymous_32)
FN:564,(anonymous_33)
FN:582,(anonymous_34)
FN:583,(anonymous_35)
FN:610,(anonymous_36)
FN:616,(anonymous_37)
FN:617,(anonymous_38)
FN:618,(anonymous_39)
FN:628,(anonymous_40)
FN:655,(anonymous_41)
FN:660,(anonymous_42)
FN:670,(anonymous_43)
FN:680,(anonymous_44)
FN:692,(anonymous_45)
FN:706,(anonymous_46)
FN:777,(anonymous_47)
FN:781,(anonymous_48)
FN:784,(anonymous_49)
FN:785,(anonymous_50)
FN:793,(anonymous_51)
FN:810,(anonymous_52)
FN:825,(anonymous_53)
FN:843,(anonymous_54)
FN:860,(anonymous_55)
FN:877,(anonymous_56)
FN:878,(anonymous_57)
FN:950,(anonymous_58)
FN:964,(anonymous_59)
FN:974,(anonymous_60)
FN:1005,(anonymous_61)
FN:1028,(anonymous_62)
FN:1067,(anonymous_63)
FN:1074,(anonymous_64)
FN:1075,(anonymous_65)
FN:1078,(anonymous_66)
FN:1085,(anonymous_67)
FN:1088,(anonymous_68)
FN:1096,(anonymous_69)
FN:1118,(anonymous_70)
FN:1127,(anonymous_71)
FN:1131,(anonymous_72)
FN:1176,(anonymous_73)
FN:1185,(anonymous_74)
FN:1186,(anonymous_75)
FN:1188,(anonymous_76)
FN:1193,(anonymous_77)
FN:1199,(anonymous_78)
FN:1200,(anonymous_79)
FN:1208,(anonymous_80)
FN:1209,(anonymous_81)
FN:1217,(anonymous_82)
FN:1231,(anonymous_83)
FN:1237,(anonymous_84)
FN:1238,(anonymous_85)
FN:1260,(anonymous_86)
FN:1266,(anonymous_87)
FN:1267,(anonymous_88)
FN:1288,(anonymous_89)
FN:1309,(anonymous_90)
FN:1319,(anonymous_91)
FNF:92
FNH:1
FNDA:1,(anonymous_0)
FNDA:0,(anonymous_1)
FNDA:0,(anonymous_2)
FNDA:0,(anonymous_3)
FNDA:0,(anonymous_4)
FNDA:0,(anonymous_5)
FNDA:0,(anonymous_6)
FNDA:0,(anonymous_7)
FNDA:0,(anonymous_8)
FNDA:0,(anonymous_9)
FNDA:0,(anonymous_10)
FNDA:0,(anonymous_11)
FNDA:0,(anonymous_12)
FNDA:0,(anonymous_13)
FNDA:0,(anonymous_14)
FNDA:0,(anonymous_15)
FNDA:0,(anonymous_16)
FNDA:0,(anonymous_17)
FNDA:0,(anonymous_18)
FNDA:0,(anonymous_19)
FNDA:0,(anonymous_20)
FNDA:0,(anonymous_21)
FNDA:0,(anonymous_22)
FNDA:0,(anonymous_23)
FNDA:0,(anonymous_24)
FNDA:0,(anonymous_25)
FNDA:0,(anonymous_26)
FNDA:0,(anonymous_27)
FNDA:0,(anonymous_28)
FNDA:0,(anonymous_29)
FNDA:0,(anonymous_30)
FNDA:0,(anonymous_31)
FNDA:0,(anonymous_32)
FNDA:0,(anonymous_33)
FNDA:0,(anonymous_34)
FNDA:0,(anonymous_35)
FNDA:0,(anonymous_36)
FNDA:0,(anonymous_37)
FNDA:0,(anonymous_38)
FNDA:0,(anonymous_39)
FNDA:0,(anonymous_40)
FNDA:0,(anonymous_41)
FNDA:0,(anonymous_42)
FNDA:0,(anonymous_43)
FNDA:0,(anonymous_44)
FNDA:0,(anonymous_45)
FNDA:0,(anonymous_46)
FNDA:0,(anonymous_47)
FNDA:0,(anonymous_48)
FNDA:0,(anonymous_49)
FNDA:0,(anonymous_50)
FNDA:0,(anonymous_51)
FNDA:0,(anonymous_52)
FNDA:0,(anonymous_53)
FNDA:0,(anonymous_54)
FNDA:0,(anonymous_55)
FNDA:0,(anonymous_56)
FNDA:0,(anonymous_57)
FNDA:0,(anonymous_58)
FNDA:0,(anonymous_59)
FNDA:0,(anonymous_60)
FNDA:0,(anonymous_61)
FNDA:0,(anonymous_62)
FNDA:0,(anonymous_63)
FNDA:0,(anonymous_64)
FNDA:0,(anonymous_65)
FNDA:0,(anonymous_66)
FNDA:0,(anonymous_67)
FNDA:0,(anonymous_68)
FNDA:0,(anonymous_69)
FNDA:0,(anonymous_70)
FNDA:0,(anonymous_71)
FNDA:0,(anonymous_72)
FNDA:0,(anonymous_73)
FNDA:0,(anonymous_74)
FNDA:0,(anonymous_75)
FNDA:0,(anonymous_76)
FNDA:0,(anonymous_77)
FNDA:0,(anonymous_78)
FNDA:0,(anonymous_79)
FNDA:0,(anonymous_80)
FNDA:0,(anonymous_81)
FNDA:0,(anonymous_82)
FNDA:0,(anonymous_83)
FNDA:0,(anonymous_84)
FNDA:0,(anonymous_85)
FNDA:0,(anonymous_86)
FNDA:0,(anonymous_87)
FNDA:0,(anonymous_88)
FNDA:0,(anonymous_89)
FNDA:0,(anonymous_90)
FNDA:0,(anonymous_91)
DA:8,1
DA:9,1
DA:10,1
DA:11,1
DA:21,0
DA:22,0
DA:23,0
DA:26,0
DA:27,0
DA:28,0
DA:31,0
DA:32,0
DA:33,0
DA:42,0
DA:43,0
DA:45,0
DA:54,0
DA:55,0
DA:63,0
DA:64,0
DA:65,0
DA:66,0
DA:67,0
DA:69,0
DA:70,0
DA:71,0
DA:79,0
DA:80,0
DA:81,0
DA:82,0
DA:83,0
DA:85,0
DA:86,0
DA:87,0
DA:95,0
DA:96,0
DA:97,0
DA:98,0
DA:99,0
DA:101,0
DA:102,0
DA:103,0
DA:114,0
DA:115,0
DA:116,0
DA:117,0
DA:118,0
DA:120,0
DA:121,0
DA:122,0
DA:131,0
DA:132,0
DA:133,0
DA:134,0
DA:135,0
DA:137,0
DA:138,0
DA:139,0
DA:150,0
DA:151,0
DA:152,0
DA:153,0
DA:154,0
DA:156,0
DA:157,0
DA:158,0
DA:167,0
DA:168,0
DA:169,0
DA:170,0
DA:171,0
DA:173,0
DA:174,0
DA:175,0
DA:184,0
DA:185,0
DA:186,0
DA:187,0
DA:188,0
DA:190,0
DA:191,0
DA:192,0
DA:201,0
DA:202,0
DA:203,0
DA:204,0
DA:205,0
DA:207,0
DA:208,0
DA:209,0
DA:217,0
DA:220,0
DA:222,0
DA:223,0
DA:224,0
DA:228,0
DA:229,0
DA:232,0
DA:233,0
DA:234,0
DA:237,0
DA:246,0
DA:247,0
DA:248,0
DA:250,0
DA:251,0
DA:252,0
DA:253,0
DA:256,0
DA:257,0
DA:258,0
DA:261,0
DA:323,0
DA:324,0
DA:327,0
DA:328,0
DA:331,0
DA:332,0
DA:335,0
DA:336,0
DA:339,0
DA:348,0
DA:350,0
DA:351,0
DA:352,0
DA:353,0
DA:355,0
DA:366,0
DA:368,0
DA:369,0
DA:370,0
DA:371,0
DA:373,0
DA:384,0
DA:386,0
DA:387,0
DA:389,0
DA:390,0
DA:391,0
DA:393,0
DA:403,0
DA:406,0
DA:407,0
DA:409,0
DA:410,0
DA:412,0
DA:421,0
DA:423,0
DA:424,0
DA:425,0
DA:428,0
DA:429,0
DA:430,0
DA:463,0
DA:466,0
DA:467,0
DA:468,0
DA:469,0
DA:472,0
DA:473,0
DA:475,0
DA:476,0
DA:477,0
DA:479,0
DA:480,0
DA:481,0
DA:484,0
DA:485,0
DA:486,0
DA:497,0
DA:499,0
DA:500,0
DA:501,0
DA:504,0
DA:505,0
DA:506,0
DA:544,0
DA:547,0
DA:548,0
DA:549,0
DA:550,0
DA:553,0
DA:554,0
DA:557,0
DA:558,0
DA:560,0
DA:561,0
DA:564,0
DA:565,0
DA:566,0
DA:567,0
DA:569,0
DA:570,0
DA:571,0
DA:583,0
DA:585,0
DA:586,0
DA:587,0
DA:590,0
DA:591,0
DA:592,0
DA:607,0
DA:610,0
DA:611,0
DA:612,0
DA:613,0
DA:616,0
DA:617,0
DA:618,0
DA:629,0
DA:630,0
DA:634,0
DA:635,0
DA:636,0
DA:637,0
DA:638,0
DA:641,0
DA:652,0
DA:655,0
DA:656,0
DA:660,0
DA:661,0
DA:662,0
DA:671,0
DA:674,0
DA:677,0
DA:678,0
DA:679,0
DA:680,0
DA:682,0
DA:685,0
DA:686,0
DA:688,0
DA:689,0
DA:692,0
DA:693,0
DA:694,0
DA:698,0
DA:707,0
DA:708,0
DA:709,0
DA:711,0
DA:712,0
DA:715,0
DA:716,0
DA:717,0
DA:720,0
DA:776,0
DA:777,0
DA:780,0
DA:781,0
DA:784,0
DA:785,0
DA:787,0
DA:794,0
DA:796,0
DA:797,0
DA:798,0
DA:799,0
DA:801,0
DA:811,0
DA:813,0
DA:814,0
DA:815,0
DA:817,0
DA:826,0
DA:828,0
DA:829,0
DA:830,0
DA:831,0
DA:832,0
DA:834,0
DA:844,0
DA:846,0
DA:847,0
DA:848,0
DA:849,0
DA:851,0
DA:861,0
DA:864,0
DA:865,0
DA:867,0
DA:868,0
DA:870,0
DA:878,0
DA:880,0
DA:881,0
DA:882,0
DA:885,0
DA:886,0
DA:887,0
DA:947,0
DA:950,0
DA:951,0
DA:952,0
DA:953,0
DA:956,0
DA:957,0
DA:960,0
DA:961,0
DA:962,0
DA:964,0
DA:965,0
DA:966,0
DA:967,0
DA:969,0
DA:970,0
DA:974,0
DA:975,0
DA:976,0
DA:985,0
DA:986,0
DA:987,0
DA:991,0
DA:992,0
DA:995,0
DA:996,0
DA:997,0
DA:1006,0
DA:1009,0
DA:1012,0
DA:1013,0
DA:1014,0
DA:1017,0
DA:1028,0
DA:1029,0
DA:1030,0
DA:1031,0
DA:1032,0
DA:1044,0
DA:1048,0
DA:1049,0
DA:1050,0
DA:1060,0
DA:1063,0
DA:1064,0
DA:1065,0
DA:1066,0
DA:1067,0
DA:1069,0
DA:1071,0
DA:1074,0
DA:1075,0
DA:1078,0
DA:1087,0
DA:1088,0
DA:1089,0
DA:1090,0
DA:1091,0
DA:1096,0
DA:1097,0
DA:1098,0
DA:1100,0
DA:1101,0
DA:1102,0
DA:1106,0
DA:1107,0
DA:1108,0
DA:1110,0
DA:1120,0
DA:1128,0
DA:1129,0
DA:1131,0
DA:1133,0
DA:1134,0
DA:1135,0
DA:1138,0
DA:1139,0
DA:1140,0
DA:1173,0
DA:1176,0
DA:1177,0
DA:1178,0
DA:1179,0
DA:1182,0
DA:1185,0
DA:1186,0
DA:1188,0
DA:1189,0
DA:1192,0
DA:1193,0
DA:1194,0
DA:1199,0
DA:1200,0
DA:1201,0
DA:1202,0
DA:1203,0
DA:1208,0
DA:1209,0
DA:1210,0
DA:1211,0
DA:1212,0
DA:1217,0
DA:1218,0
DA:1219,0
DA:1220,0
DA:1221,0
DA:1232,0
DA:1233,0
DA:1236,0
DA:1237,0
DA:1238,0
DA:1253,0
DA:1261,0
DA:1262,0
DA:1265,0
DA:1266,0
DA:1267,0
DA:1282,0
DA:1289,0
DA:1290,0
DA:1292,0
DA:1294,0
DA:1295,0
DA:1296,0
DA:1306,0
DA:1309,0
DA:1310,0
DA:1320,0
DA:1321,0
DA:1322,0
DA:1323,0
DA:1328,1
LF:423
LH:5
BRDA:42,0,0,0
BRDA:42,0,1,0
BRDA:54,1,0,0
BRDA:54,1,1,0
BRDA:65,2,0,0
BRDA:65,2,1,0
BRDA:81,3,0,0
BRDA:81,3,1,0
BRDA:97,4,0,0
BRDA:97,4,1,0
BRDA:113,5,0,0
BRDA:217,6,0,0
BRDA:217,6,1,0
BRDA:222,7,0,0
BRDA:222,7,1,0
BRDA:250,8,0,0
BRDA:250,8,1,0
BRDA:251,9,0,0
BRDA:251,9,1,0
BRDA:253,10,0,0
BRDA:253,10,1,0
BRDA:257,11,0,0
BRDA:257,11,1,0
BRDA:258,12,0,0
BRDA:258,12,1,0
BRDA:267,13,0,0
BRDA:267,13,1,0
BRDA:268,14,0,0
BRDA:268,14,1,0
BRDA:283,15,0,0
BRDA:283,15,1,0
BRDA:288,16,0,0
BRDA:288,16,1,0
BRDA:293,17,0,0
BRDA:293,17,1,0
BRDA:303,18,0,0
BRDA:303,18,1,0
BRDA:307,19,0,0
BRDA:307,19,1,0
BRDA:311,20,0,0
BRDA:311,20,1,0
BRDA:315,21,0,0
BRDA:315,21,1,0
BRDA:323,22,0,0
BRDA:323,22,1,0
BRDA:327,23,0,0
BRDA:327,23,1,0
BRDA:331,24,0,0
BRDA:331,24,1,0
BRDA:335,25,0,0
BRDA:335,25,1,0
BRDA:350,26,0,0
BRDA:350,26,1,0
BRDA:368,27,0,0
BRDA:368,27,1,0
BRDA:386,28,0,0
BRDA:386,28,1,0
BRDA:403,29,0,0
BRDA:403,29,1,0
BRDA:409,30,0,0
BRDA:409,30,1,0
BRDA:410,31,0,0
BRDA:410,31,1,0
BRDA:479,32,0,0
BRDA:479,32,1,0
BRDA:530,33,0,0
BRDA:530,33,1,0
BRDA:628,34,0,0
BRDA:634,35,0,0
BRDA:634,35,1,0
BRDA:634,35,2,0
BRDA:634,35,3,0
BRDA:661,36,0,0
BRDA:661,36,1,0
BRDA:671,37,0,0
BRDA:671,37,1,0
BRDA:688,38,0,0
BRDA:688,38,1,0
BRDA:716,39,0,0
BRDA:716,39,1,0
BRDA:717,40,0,0
BRDA:717,40,1,0
BRDA:746,41,0,0
BRDA:746,41,1,0
BRDA:751,42,0,0
BRDA:751,42,1,0
BRDA:758,43,0,0
BRDA:758,43,1,0
BRDA:762,44,0,0
BRDA:762,44,1,0
BRDA:776,45,0,0
BRDA:776,45,1,0
BRDA:780,46,0,0
BRDA:780,46,1,0
BRDA:796,47,0,0
BRDA:796,47,1,0
BRDA:828,48,0,0
BRDA:828,48,1,0
BRDA:846,49,0,0
BRDA:846,49,1,0
BRDA:861,50,0,0
BRDA:861,50,1,0
BRDA:867,51,0,0
BRDA:867,51,1,0
BRDA:868,52,0,0
BRDA:868,52,1,0
BRDA:965,53,0,0
BRDA:965,53,1,0
BRDA:985,54,0,0
BRDA:985,54,1,0
BRDA:985,55,0,0
BRDA:985,55,1,0
BRDA:991,56,0,0
BRDA:991,56,1,0
BRDA:991,57,0,0
BRDA:991,57,1,0
BRDA:1006,58,0,0
BRDA:1006,58,1,0
BRDA:1029,59,0,0
BRDA:1029,59,1,0
BRDA:1090,60,0,0
BRDA:1090,60,1,0
BRDA:1090,61,0,0
BRDA:1090,61,1,0
BRDA:1100,62,0,0
BRDA:1100,62,1,0
BRDA:1100,63,0,0
BRDA:1100,63,1,0
BRDA:1100,63,2,0
BRDA:1100,63,3,0
BRDA:1129,64,0,0
BRDA:1129,64,1,0
BRDA:1219,65,0,0
BRDA:1219,65,1,0
BRDA:1232,66,0,0
BRDA:1232,66,1,0
BRDA:1241,67,0,0
BRDA:1241,67,1,0
BRDA:1244,68,0,0
BRDA:1244,68,1,0
BRDA:1253,69,0,0
BRDA:1253,69,1,0
BRDA:1261,70,0,0
BRDA:1261,70,1,0
BRDA:1270,71,0,0
BRDA:1270,71,1,0
BRDA:1282,72,0,0
BRDA:1282,72,1,0
BRDA:1290,73,0,0
BRDA:1290,73,1,0
BRDA:1321,74,0,0
BRDA:1321,74,1,0
BRF:152
BRH:0
end_of_record
